/var/spool/slurm/slurmd/job3050722/slurm_script: line 12: activate: No such file or directory
Traceback (most recent call last):
  File "/modules/apps/python/3.9.1/lib/python3.9/site-packages/numpy/core/__init__.py", line 22, in <module>
    from . import multiarray
  File "/modules/apps/python/3.9.1/lib/python3.9/site-packages/numpy/core/multiarray.py", line 12, in <module>
    from . import overrides
  File "/modules/apps/python/3.9.1/lib/python3.9/site-packages/numpy/core/overrides.py", line 7, in <module>
    from numpy.core._multiarray_umath import (
ModuleNotFoundError: No module named 'numpy.core._multiarray_umath'

During handling of the above exception, another exception occurred:

Traceback (most recent call last):
  File "gldas_dl.py", line 1, in <module>
    import numpy as np
  File "/modules/apps/python/3.9.1/lib/python3.9/site-packages/numpy/__init__.py", line 140, in <module>
    from . import core
  File "/modules/apps/python/3.9.1/lib/python3.9/site-packages/numpy/core/__init__.py", line 48, in <module>
    raise ImportError(msg)
ImportError: 

IMPORTANT: PLEASE READ THIS FOR ADVICE ON HOW TO SOLVE THIS ISSUE!

Importing the numpy C-extensions failed. This error can happen for
many reasons, often due to issues with your setup or how NumPy was
installed.

We have compiled some common reasons and troubleshooting tips at:

    https://numpy.org/devdocs/user/troubleshooting-importerror.html

Please note and check the following:

  * The Python version is: Python3.8 from "/usr/bin/python"
  * The NumPy version is: "1.19.4"

and make sure that they are the versions you expect.
Please carefully study the documentation linked above for further help.

Original error was: No module named 'numpy.core._multiarray_umath'

